\BOOKMARK [1][-]{section.1}{\376\377\000G\000i\036\333\000i\000\040\000t\000h\000i\036\307\000u}{}% 1
\BOOKMARK [1][-]{section.2}{\376\377\000P\000h\001\260\001\241\000n\000g\000\040\000p\000h\000\341\000p\000\040\000t\000r\000\355\000c\000h\000\040\000x\000u\036\245\000t\000\040\000q\000u\000a\000n\000\040\000h\036\307}{}% 2
\BOOKMARK [2][-]{subsection.2.1}{\376\377\000C\000\341\000c\000\040\000p\000h\001\260\001\241\000n\000g\000\040\000p\000h\000\341\000p\000\040\000t\000r\000u\000y\036\301\000n\000\040\000t\000h\036\321\000n\000g}{section.2}% 3
\BOOKMARK [3][-]{subsubsection.2.1.1}{\376\377\000P\000h\001\260\001\241\000n\000g\000\040\000p\000h\000\341\000p\000\040\000d\036\361\000a\000\040\000t\000r\000\352\000n\000\040\000l\000u\036\255\000t\000\040\000\050\000R\000u\000l\000e\000-\000b\000a\000s\000e\000d\000\051}{subsection.2.1}% 4
\BOOKMARK [3][-]{subsubsection.2.1.2}{\376\377\000P\000h\001\260\001\241\000n\000g\000\040\000p\000h\000\341\000p\000\040\000k\000h\000\364\000n\000g\000\040\000g\000i\000\341\000m\000\040\000s\000\341\000t\000\040\000\050\000U\000n\000s\000u\000p\000e\000r\000v\000i\000s\000e\000d\000\051}{subsection.2.1}% 5
\BOOKMARK [3][-]{subsubsection.2.1.3}{\376\377\000P\000h\001\260\001\241\000n\000g\000\040\000p\000h\000\341\000p\000\040\000c\000\363\000\040\000g\000i\000\341\000m\000\040\000s\000\341\000t\000\040\000\050\000S\000u\000p\000e\000r\000v\000i\000s\000e\000d\000\051}{subsection.2.1}% 6
\BOOKMARK [3][-]{subsubsection.2.1.4}{\376\377\000P\000h\001\260\001\241\000n\000g\000\040\000p\000h\000\341\000p\000\040\000b\000\341\000n\000\040\000g\000i\000\341\000m\000\040\000s\000\341\000t\000\040\000\050\000S\000e\000m\000i\000-\000s\000u\000p\000e\000r\000v\000i\000s\000e\000d\000\051}{subsection.2.1}% 7
\BOOKMARK [3][-]{subsubsection.2.1.5}{\376\377\000P\000h\001\260\001\241\000n\000g\000\040\000p\000h\000\341\000p\000\040\000g\000i\000\341\000m\000\040\000s\000\341\000t\000\040\000t\036\353\000\040\000x\000a\000\040\000\050\000D\000i\000s\000t\000a\000n\000t\000\040\000s\000u\000p\000e\000r\000v\000i\000s\000i\000o\000n\000\051}{subsection.2.1}% 8
\BOOKMARK [2][-]{subsection.2.2}{\376\377\000P\000h\001\260\001\241\000n\000g\000\040\000p\000h\000\341\000p\000\040\000h\036\315\000c\000\040\000s\000\342\000u\000\040\000\050\000D\000e\000e\000p\000\040\000l\000e\000a\000r\000n\000i\000n\000g\000\051}{section.2}% 9
\BOOKMARK [3][-]{subsubsection.2.2.1}{\376\377\000C\000\341\000c\000\040\000h\001\260\036\333\000n\000g\000\040\000t\000i\036\277\000p\000\040\000c\036\255\000n\000\040\000d\036\361\000a\000\040\000t\000r\000\352\000n\000\040\000p\000h\001\260\001\241\000n\000g\000\040\000p\000h\000\341\000p\000\040\000C\000N\000N\000\040\000\050\000C\000N\000N\000\040\000b\000a\000s\000e\000d\000\040\000m\000e\000t\000h\000o\000d\000s\000\051}{subsection.2.2}% 10
\BOOKMARK [3][-]{subsubsection.2.2.2}{\376\377\000P\000h\001\260\001\241\000n\000g\000\040\000p\000h\000\341\000p\000\040\000d\036\361\000a\000\040\000t\000r\000\352\000n\000\040\000R\000N\000N\000\040\000v\000\340\000\040\000L\000S\000T\000M\000\040\000\050\000R\000N\000N\000\040\000a\000n\000d\000\040\000L\000S\000T\000M\000\040\000b\000a\000s\000e\000d\000\040\000m\000e\000t\000h\000o\000d\000s\000\051}{subsection.2.2}% 11
\BOOKMARK [3][-]{subsubsection.2.2.3}{\376\377\000E\000n\000c\000o\000d\000e\000r\000-\000d\000e\000c\000o\000d\000e\000r\000/\000t\000r\000a\000n\000s\000f\000o\000r\000m\000e\000r\000\040\000b\000a\000s\000e\000d\000\040\000m\000e\000t\000h\000o\000d\000s}{subsection.2.2}% 12
\BOOKMARK [0][-]{subsubsubsection.2.2.3.1}{\376\377\000N\000e\000u\000r\000a\000l\000\040\000O\000p\000e\000n\000I\000E\000\040\000\050\000C\000u\000i\000\040\000e\000t\000\040\000a\000l\000.\000\040\000\050\0002\0000\0001\0008\000\051\000\051}{}% 13
\BOOKMARK [0][-]{subsubsubsection.2.2.3.2}{\376\377\000T\000r\000a\000n\000s\000f\000o\000r\000m\000e\000r\000\040\000b\000a\000s\000e\000d\000\040\000O\000p\000e\000n\000I\000E\000\050\000H\000a\000n\000\040\000a\000n\000d\000\040\000W\000a\000n\000g\000\040\000\050\0002\0000\0002\0001\000\051\000\051}{}% 14
\BOOKMARK [0][-]{subsubsubsection.2.2.3.3}{\376\377\000M\000u\000l\000t\000i\0002\000O\000I\000E\000\040\000\050\000R\000o\000\040\000e\000t\000\040\000a\000l\000.\000\040\000\050\0002\0000\0002\0000\000\051\000\051}{}% 15
\BOOKMARK [1][-]{section.3}{\376\377\000C\000\341\000c\000\040\000M\000R\000C\000\040\000p\000h\000\371\000\040\000h\036\343\000p\000\040\000v\036\333\000i\000\040\000T\000i\036\277\000n\000g\000\040\000V\000i\036\307\000t}{subsubsubsection.2.2.3.3}% 16
\BOOKMARK [2][-]{subsection.3.1}{\376\377\000M\000\364\000\040\000h\000\354\000n\000h\000\040\000t\000i\000n\000h\000\040\000c\000h\036\311\000n\000h\000\040\000\050\000F\000i\000n\000e\000-\000t\000u\000n\000e\000d\000\040\000m\000o\000d\000e\000l\000\051\000:}{section.3}% 17
\BOOKMARK [2][-]{subsection.3.2}{\376\377\000A\000P\000I\000\040\000c\036\347\000a\000\040\000b\000\352\000n\000\040\000t\000h\036\351\000\040\000b\000a\000\040\000\050\0003\000r\000d\000\040\000p\000a\000r\000t\000y\000\040\000A\000P\000I\000\051\000:}{section.3}% 18
\BOOKMARK [1][-]{section.4}{\376\377\001\020\036\313\000n\000h\000\040\000n\000g\000h\001\051\000a\000\040\000c\000\341\000c\000\040\000l\000o\036\241\000i\000\040\000q\000u\000a\000n\000\040\000h\036\307\000\040\001\021\001\260\036\343\000c\000\040\000r\000\372\000t\000\040\000t\000r\000\355\000c\000h\000\040\000l\001\051\000n\000h\000\040\000v\036\361\000c\000\040\000g\000i\000\341\000o\000\040\000d\036\345\000c}{subsubsubsection.2.2.3.3}% 19
\BOOKMARK [2][-]{subsection.4.1}{\376\377\000E\000n\000t\000i\000t\000i\000e\000s}{section.4}% 20
\BOOKMARK [3][-]{subsubsection.4.1.1}{\376\377\000I\000n\000t\000e\000n\000t\000s}{subsection.4.1}% 21
\BOOKMARK [3][-]{subsubsection.4.1.2}{\376\377\000T\000e\000r\000m\000s}{subsection.4.1}% 22
\BOOKMARK [3][-]{subsubsection.4.1.3}{\376\377\000P\000a\000p\000e\000r\000s}{subsection.4.1}% 23
\BOOKMARK [3][-]{subsubsection.4.1.4}{\376\377\000S\000u\000b\000j\000e\000c\000t}{subsection.4.1}% 24
\BOOKMARK [3][-]{subsubsection.4.1.5}{\376\377\000S\000t\000u\000d\000e\000n\000t}{subsection.4.1}% 25
\BOOKMARK [3][-]{subsubsection.4.1.6}{\376\377\000L\000e\000c\000t\000u\000r\000e\000r\000s}{subsection.4.1}% 26
\BOOKMARK [3][-]{subsubsection.4.1.7}{\376\377\000A\000c\000a\000d\000e\000m\000i\000c\000\137\000s\000e\000r\000v\000i\000c\000e\000\137\000O\000f\000f\000i\000c\000e}{subsection.4.1}% 27
\BOOKMARK [3][-]{subsubsection.4.1.8}{\376\377\000E\000n\000g\000l\000i\000s\000h\000\137\000C\000e\000r\000t\000i\000f\000i\000c\000a\000t\000e}{subsection.4.1}% 28
\BOOKMARK [3][-]{subsubsection.4.1.9}{\376\377\000U\000R\000L}{subsection.4.1}% 29
\BOOKMARK [2][-]{subsection.4.2}{\376\377\000R\000e\000l\000a\000t\000i\000o\000n\000s}{section.4}% 30
\BOOKMARK [3][-]{subsubsection.4.2.1}{\376\377\000H\036\317\000i\000\040\000\375\000\040\001\021\036\313\000n\000h\000\040\000r\000\372\000t\000\040\000m\000\364\000n}{subsection.4.2}% 31
\BOOKMARK [3][-]{subsubsection.4.2.2}{\376\377\000H\036\317\000i\000\040\000c\000h\000u\000n\000g\000\040\000v\036\301\000\040\000\375\000\040\001\021\036\313\000n\000h}{subsection.4.2}% 32
\BOOKMARK [3][-]{subsubsection.4.2.3}{\376\377\000H\036\317\000i\000\040\000t\000h\036\335\000i\000\040\000g\000i\000a\000n\000\040\000b\036\257\000t\000\040\001\021\036\247\000u\000\040\001\021\001\003\000n\000g\000\040\000k\000\375\000\040\000m\000\364\000n}{subsection.4.2}% 33
\BOOKMARK [3][-]{subsubsection.4.2.4}{\376\377\000H\036\317\000i\000\040\000l\036\313\000c\000h\000\040\000h\036\315\000c}{subsection.4.2}% 34
\BOOKMARK [3][-]{subsubsection.4.2.5}{\376\377\000H\036\317\000i\000\040\000m\000\364\000n\000\040\000t\001\260\001\241\000n\000g\000\040\001\021\001\260\001\241\000n\000g}{subsection.4.2}% 35
\BOOKMARK [3][-]{subsubsection.4.2.6}{\376\377\001\020\001\003\000n\000g\000\040\000k\000\355\000\040\000g\000i\000a\000\040\000h\036\241\000n}{subsection.4.2}% 36
\BOOKMARK [3][-]{subsubsection.4.2.7}{\376\377\000H\036\317\000i\000\040\000h\036\315\000c\000\040\000p\000h\000\355}{subsection.4.2}% 37
\BOOKMARK [3][-]{subsubsection.4.2.8}{\376\377\000T\000h\000a\000y\000\040\001\021\036\325\000i\000\040\001\021\001\003\000n\000g\000\040\000k\000\375\000\040\000m\000\364\000n\000\040\000h\036\315\000c}{subsection.4.2}% 38
\BOOKMARK [3][-]{subsubsection.4.2.9}{\376\377\000H\036\317\000i\000\040\000v\036\301\000\040\000c\000h\000u\036\251\000n\000\040\000n\000g\000o\036\241\000i\000\040\000n\000g\036\357}{subsection.4.2}% 39
\BOOKMARK [3][-]{subsubsection.4.2.10}{\376\377\000U\000R\000L\000s}{subsection.4.2}% 40
\BOOKMARK [0][-]{subsubsubsection.4.2.10.1}{\376\377\000h\036\317\000i\000\040\001\021\001\003\000n\000g\000\040\000k\000\355\000\040\000i\000n\000\040\000b\036\243\000n\000g\000\040\001\021\000i\036\303\000m}{}% 41
\BOOKMARK [0][-]{subsubsubsection.4.2.10.2}{\376\377\000h\036\317\000i\000\040\001\021\000i\036\301\000u\000\040\000k\000i\036\307\000n\000\040\000n\000h\036\255\000n\000\040\000l\000u\036\255\000n\000\040\000v\001\003\000n}{}% 42
\BOOKMARK [0][-]{subsubsubsection.4.2.10.3}{\376\377\000h\036\317\000i\000\040\001\021\000i\036\301\000u\000\040\000k\000i\036\307\000n\000\040\000t\036\321\000t\000\040\000n\000g\000h\000i\036\307\000p}{}% 43
\BOOKMARK [1][-]{section.5}{\376\377\000M\000o\000\040\000h\000\354\000n\000h\000\040\001\021\036\301\000\040\000x\000u\036\245\000t\000,\000\040\000h\001\260\036\333\000n\000g\000\040\000t\000i\036\277\000p\000\040\000c\036\255\000n\000\040\000v\000\340\000\040\000t\036\255\000p\000\040\000d\036\357\000\040\000l\000i\036\307\000u\000\040\000h\000u\036\245\000n\000\040\000l\000u\000y\036\307\000n}{subsubsubsection.4.2.10.3}% 44
\BOOKMARK [1][-]{section.6}{\376\377\000K\036\277\000t\000\040\000q\000u\036\243\000\040\000t\000h\036\355\000\040\000n\000g\000h\000i\036\307\000m}{subsubsubsection.4.2.10.3}% 45
\BOOKMARK [1][-]{section.7}{\376\377\000D\000a\000n\000h\000\040\000s\000\341\000c\000h\000\040\000c\000\364\000n\000g\000\040\000v\000i\036\307\000c\000\040\000c\000\362\000n\000\040\000l\036\241\000i}{subsubsubsection.4.2.10.3}% 46
\BOOKMARK [2][-]{subsection.7.1}{\376\377\000T\000r\000\355\000c\000h\000\040\000x\000u\036\245\000t\000\040\000t\000h\000u\036\331\000c\000\040\000t\000\355\000n\000h\000\040\000t\000h\036\361\000c\000\040\000t\000h\036\303\000:}{section.7}% 47
\BOOKMARK [2][-]{subsection.7.2}{\376\377\000N\000\342\000n\000g\000\040\000c\000a\000o\000\040\000h\000i\036\307\000u\000\040\000s\000u\036\245\000t\000\040\000m\000\364\000\040\000h\000\354\000n\000h\000\040\001\021\000\343\000\040\000t\000i\000n\000h\000\040\000c\000h\036\311\000n\000h\000,\000\040\000k\000h\000\364\000n\000g\000\040\000c\036\247\000n\000\040\000A\000P\000I\000\040\000c\036\347\000a\000\040\000b\000\352\000n\000\040\000t\000h\036\351\000\040\000b\000a\000:}{section.7}% 48
\BOOKMARK [2][-]{subsection.7.3}{\376\377\000K\000h\000\341\000m\000\040\000p\000h\000\341\000\040\000m\036\321\000i\000\040\000q\000u\000a\000n\000\040\000h\036\307\000\040\000t\036\361\000\040\001\021\036\331\000n\000g\000\040\000v\000\340\000\040\000t\036\361\000\040\001\021\036\331\000n\000g\000\040\000t\036\241\000o\000\040\000c\000\342\000u\000\040\000h\036\317\000i\000:}{section.7}% 49
\BOOKMARK [2][-]{subsection.7.4}{\376\377\001\020\000\341\000n\000h\000\040\000g\000i\000\341\000\040\000c\000h\036\311\000\040\000s\036\321\000\040\000h\000i\036\307\000u\000\040\000s\000u\036\245\000t\000\040\000c\036\347\000a\000\040\000M\000R\000C\000:}{section.7}% 50
